<?xml version="1.0" encoding="UTF-8"?>
<testsuite xmlns:xsi="http://www.w3.org/2001/XMLSchema-instance" xsi:noNamespaceSchemaLocation="https://maven.apache.org/surefire/maven-surefire-plugin/xsd/surefire-test-report-3.0.xsd" version="3.0" name="cucumberOptions.TestRunner" time="6.515" tests="3" errors="2" skipped="1" failures="0">
  <properties>
[...]
</properties>
  <testcase name="Given User is on Home Page of Dynamic Table" classname="Scenario: Get The Details from Dynamic Table" time="0.003">
    <error message="session not created: This version of ChromeDriver only supports Chrome version 84&#10;Build info: version: &apos;3.141.59&apos;, revision: &apos;e82be7d358&apos;, time: &apos;2018-11-14T08:17:03&apos;&#10;System info: host: &apos;AKSHAY&apos;, ip: &apos;192.168.202.1&apos;, os.name: &apos;Windows 10&apos;, os.arch: &apos;amd64&apos;, os.version: &apos;10.0&apos;, java.version: &apos;14.0.2&apos;&#10;Driver info: driver.version: ChromeDriver&#10;remote stacktrace: Backtrace:&#10;	Ordinal0 [0x004787E3+2852835]&#10;	Ordinal0 [0x00365BB1+1727409]&#10;	Ordinal0 [0x0023E4B9+517305]&#10;	Ordinal0 [0x001D0BA0+68512]&#10;	Ordinal0 [0x001CD3A0+54176]&#10;	Ordinal0 [0x001ED9F7+186871]&#10;	Ordinal0 [0x001ED7FD+186365]&#10;	Ordinal0 [0x001EB70B+177931]&#10;	Ordinal0 [0x001D2584+75140]&#10;	Ordinal0 [0x001D3650+79440]&#10;	Ordinal0 [0x001D35E9+79337]&#10;	Ordinal0 [0x0037AD5C+1813852]&#10;	GetHandleVerifier [0x0059C616+1075574]&#10;	GetHandleVerifier [0x0059C367+1074887]&#10;	GetHandleVerifier [0x005A7497+1120247]&#10;	GetHandleVerifier [0x0059CC16+1077110]&#10;	Ordinal0 [0x00373206+1782278]&#10;	Ordinal0 [0x0037C3BB+1819579]&#10;	Ordinal0 [0x0037C523+1819939]&#10;	Ordinal0 [0x00392B45+1911621]&#10;	BaseThreadInitThunk [0x75CF6359+25]&#10;	RtlGetAppContainerNamedObjectPath [0x77287C24+228]&#10;	RtlGetAppContainerNamedObjectPath [0x77287BF4+180]&#10;" type="org.openqa.selenium.SessionNotCreatedException"><![CDATA[org.openqa.selenium.SessionNotCreatedException: 
session not created: This version of ChromeDriver only supports Chrome version 84
Build info: version: '3.141.59', revision: 'e82be7d358', time: '2018-11-14T08:17:03'
System info: host: 'AKSHAY', ip: '192.168.202.1', os.name: 'Windows 10', os.arch: 'amd64', os.version: '10.0', java.version: '14.0.2'
Driver info: driver.version: ChromeDriver
remote stacktrace: Backtrace:
	Ordinal0 [0x004787E3+2852835]
	Ordinal0 [0x00365BB1+1727409]
	Ordinal0 [0x0023E4B9+517305]
	Ordinal0 [0x001D0BA0+68512]
	Ordinal0 [0x001CD3A0+54176]
	Ordinal0 [0x001ED9F7+186871]
	Ordinal0 [0x001ED7FD+186365]
	Ordinal0 [0x001EB70B+177931]
	Ordinal0 [0x001D2584+75140]
	Ordinal0 [0x001D3650+79440]
	Ordinal0 [0x001D35E9+79337]
	Ordinal0 [0x0037AD5C+1813852]
	GetHandleVerifier [0x0059C616+1075574]
	GetHandleVerifier [0x0059C367+1074887]
	GetHandleVerifier [0x005A7497+1120247]
	GetHandleVerifier [0x0059CC16+1077110]
	Ordinal0 [0x00373206+1782278]
	Ordinal0 [0x0037C3BB+1819579]
	Ordinal0 [0x0037C523+1819939]
	Ordinal0 [0x00392B45+1911621]
	BaseThreadInitThunk [0x75CF6359+25]
	RtlGetAppContainerNamedObjectPath [0x77287C24+228]
	RtlGetAppContainerNamedObjectPath [0x77287BF4+180]

]]></error>
    <system-out><![CDATA[Feature: Handle Dynamic Table
]]></system-out>
    <system-err><![CDATA[Starting ChromeDriver 84.0.4147.30 (48b3e868b4cc0aa7e8149519690b6f6949e110a8-refs/branch-heads/4147@{#310}) on port 12136
Only local connections are allowed.
Please see https://chromedriver.chromium.org/security-considerations for suggestions on keeping ChromeDriver safe.
ChromeDriver was started successfully.
]]></system-err>
  </testcase>
  <testcase name="" classname="Scenario: Get The Details from Dynamic Table" time="0.004">
    <error message="session not created: This version of ChromeDriver only supports Chrome version 84&#10;Build info: version: &apos;3.141.59&apos;, revision: &apos;e82be7d358&apos;, time: &apos;2018-11-14T08:17:03&apos;&#10;System info: host: &apos;AKSHAY&apos;, ip: &apos;192.168.202.1&apos;, os.name: &apos;Windows 10&apos;, os.arch: &apos;amd64&apos;, os.version: &apos;10.0&apos;, java.version: &apos;14.0.2&apos;&#10;Driver info: driver.version: ChromeDriver&#10;remote stacktrace: Backtrace:&#10;	Ordinal0 [0x004787E3+2852835]&#10;	Ordinal0 [0x00365BB1+1727409]&#10;	Ordinal0 [0x0023E4B9+517305]&#10;	Ordinal0 [0x001D0BA0+68512]&#10;	Ordinal0 [0x001CD3A0+54176]&#10;	Ordinal0 [0x001ED9F7+186871]&#10;	Ordinal0 [0x001ED7FD+186365]&#10;	Ordinal0 [0x001EB70B+177931]&#10;	Ordinal0 [0x001D2584+75140]&#10;	Ordinal0 [0x001D3650+79440]&#10;	Ordinal0 [0x001D35E9+79337]&#10;	Ordinal0 [0x0037AD5C+1813852]&#10;	GetHandleVerifier [0x0059C616+1075574]&#10;	GetHandleVerifier [0x0059C367+1074887]&#10;	GetHandleVerifier [0x005A7497+1120247]&#10;	GetHandleVerifier [0x0059CC16+1077110]&#10;	Ordinal0 [0x00373206+1782278]&#10;	Ordinal0 [0x0037C3BB+1819579]&#10;	Ordinal0 [0x0037C523+1819939]&#10;	Ordinal0 [0x00392B45+1911621]&#10;	BaseThreadInitThunk [0x75CF6359+25]&#10;	RtlGetAppContainerNamedObjectPath [0x77287C24+228]&#10;	RtlGetAppContainerNamedObjectPath [0x77287BF4+180]&#10;" type="org.openqa.selenium.SessionNotCreatedException"><![CDATA[org.openqa.selenium.SessionNotCreatedException: 
session not created: This version of ChromeDriver only supports Chrome version 84
Build info: version: '3.141.59', revision: 'e82be7d358', time: '2018-11-14T08:17:03'
System info: host: 'AKSHAY', ip: '192.168.202.1', os.name: 'Windows 10', os.arch: 'amd64', os.version: '10.0', java.version: '14.0.2'
Driver info: driver.version: ChromeDriver
remote stacktrace: Backtrace:
	Ordinal0 [0x004787E3+2852835]
	Ordinal0 [0x00365BB1+1727409]
	Ordinal0 [0x0023E4B9+517305]
	Ordinal0 [0x001D0BA0+68512]
	Ordinal0 [0x001CD3A0+54176]
	Ordinal0 [0x001ED9F7+186871]
	Ordinal0 [0x001ED7FD+186365]
	Ordinal0 [0x001EB70B+177931]
	Ordinal0 [0x001D2584+75140]
	Ordinal0 [0x001D3650+79440]
	Ordinal0 [0x001D35E9+79337]
	Ordinal0 [0x0037AD5C+1813852]
	GetHandleVerifier [0x0059C616+1075574]
	GetHandleVerifier [0x0059C367+1074887]
	GetHandleVerifier [0x005A7497+1120247]
	GetHandleVerifier [0x0059CC16+1077110]
	Ordinal0 [0x00373206+1782278]
	Ordinal0 [0x0037C3BB+1819579]
	Ordinal0 [0x0037C523+1819939]
	Ordinal0 [0x00392B45+1911621]
	BaseThreadInitThunk [0x75CF6359+25]
	RtlGetAppContainerNamedObjectPath [0x77287C24+228]
	RtlGetAppContainerNamedObjectPath [0x77287BF4+180]

]]></error>
  </testcase>
  <testcase name="Then Get the Details" classname="Scenario: Get The Details from Dynamic Table" time="0">
    <skipped/>
  </testcase>
</testsuite>